{"uuid":"1dc37282-c8e7-4fa6-900c-485484d47a94","historyId":"af6ff0c234e965b16b95e232d3980012","fullName":"Testcases.CreateProjectTestCases.createProjectTest","labels":[{"name":"package","value":"Testcases.CreateProjectTestCases"},{"name":"testClass","value":"Testcases.CreateProjectTestCases"},{"name":"testMethod","value":"createProjectTest"},{"name":"parentSuite","value":"Default Suite"},{"name":"suite","value":"TestNGTest-bf744fb6-b633-4354-bdc2-cdb6299f0dae"},{"name":"subSuite","value":"Testcases.CreateProjectTestCases"},{"name":"host","value":"XtremeLite-PC"},{"name":"thread","value":"12500@XtremeLite-PC.main(1)"},{"name":"framework","value":"testng"},{"name":"language","value":"java"}],"links":[],"name":"createProjectTest","status":"broken","statusDetails":{"known":false,"muted":false,"flaky":false,"message":"Failed to read json file: src/test/java/resources/RealEstateProjects/RealEstateProject.json","trace":"java.lang.RuntimeException: Failed to read json file: src/test/java/resources/RealEstateProjects/RealEstateProject.json\r\n\tat com.api.Utils.JsonUtils.fromJson(JsonUtils.java:19)\r\n\tat Testcases.CreateProjectTestCases.createProjectTest(CreateProjectTestCases.java:18)\r\n\tat java.base/jdk.internal.reflect.DirectMethodHandleAccessor.invoke(Unknown Source)\r\n\tat java.base/java.lang.reflect.Method.invoke(Unknown Source)\r\n\tat org.testng.internal.invokers.MethodInvocationHelper.invokeMethod(MethodInvocationHelper.java:141)\r\n\tat org.testng.internal.invokers.TestInvoker.invokeMethod(TestInvoker.java:687)\r\n\tat org.testng.internal.invokers.TestInvoker.invokeTestMethod(TestInvoker.java:230)\r\n\tat org.testng.internal.invokers.MethodRunner.runInSequence(MethodRunner.java:63)\r\n\tat org.testng.internal.invokers.TestInvoker$MethodInvocationAgent.invoke(TestInvoker.java:995)\r\n\tat org.testng.internal.invokers.TestInvoker.invokeTestMethods(TestInvoker.java:203)\r\n\tat org.testng.internal.invokers.TestMethodWorker.invokeTestMethods(TestMethodWorker.java:154)\r\n\tat org.testng.internal.invokers.TestMethodWorker.run(TestMethodWorker.java:134)\r\n\tat java.base/java.util.ArrayList.forEach(Unknown Source)\r\n\tat org.testng.TestRunner.privateRun(TestRunner.java:741)\r\n\tat org.testng.TestRunner.run(TestRunner.java:616)\r\n\tat org.testng.SuiteRunner.runTest(SuiteRunner.java:421)\r\n\tat org.testng.SuiteRunner.runSequentially(SuiteRunner.java:413)\r\n\tat org.testng.SuiteRunner.privateRun(SuiteRunner.java:373)\r\n\tat org.testng.SuiteRunner.run(SuiteRunner.java:312)\r\n\tat org.testng.SuiteRunnerWorker.runSuite(SuiteRunnerWorker.java:52)\r\n\tat org.testng.SuiteRunnerWorker.run(SuiteRunnerWorker.java:95)\r\n\tat org.testng.TestNG.runSuitesSequentially(TestNG.java:1274)\r\n\tat org.testng.TestNG.runSuitesLocally(TestNG.java:1208)\r\n\tat org.testng.TestNG.runSuites(TestNG.java:1112)\r\n\tat org.testng.TestNG.run(TestNG.java:1079)\r\n\tat com.microsoft.java.test.runner.testng.TestNGRunner.run(TestNGRunner.java:45)\r\n\tat com.microsoft.java.test.runner.testng.TestNGLauncher.execute(TestNGLauncher.java:32)\r\n\tat com.microsoft.java.test.runner.Launcher.main(Launcher.java:57)\r\nCaused by: java.io.FileNotFoundException: src\\test\\java\\resources\\RealEstateProjects\\RealEstateProject.json (The system cannot find the file specified)\r\n\tat java.base/java.io.FileInputStream.open0(Native Method)\r\n\tat java.base/java.io.FileInputStream.open(Unknown Source)\r\n\tat java.base/java.io.FileInputStream.<init>(Unknown Source)\r\n\tat com.fasterxml.jackson.core.TokenStreamFactory._fileInputStream(TokenStreamFactory.java:328)\r\n\tat com.fasterxml.jackson.core.JsonFactory.createParser(JsonFactory.java:1238)\r\n\tat com.fasterxml.jackson.databind.ObjectMapper.readValue(ObjectMapper.java:3805)\r\n\tat com.api.Utils.JsonUtils.fromJson(JsonUtils.java:17)\r\n\t... 27 more\r\n"},"stage":"finished","steps":[],"attachments":[],"parameters":[],"start":1767558605257,"stop":1767558605374}