{"uuid":"89ab84ea-1934-406f-a4d2-111608d7ab93","historyId":"ebe5618fe93fd5969bc051115d2ca0ea","fullName":"Testcases.RealEstateProjects.LinkProjectToFundTestCase.testLinkedProjectToFund","labels":[{"name":"package","value":"Testcases.RealEstateProjects.LinkProjectToFundTestCase"},{"name":"testClass","value":"Testcases.RealEstateProjects.LinkProjectToFundTestCase"},{"name":"testMethod","value":"testLinkedProjectToFund"},{"name":"parentSuite","value":"Default Suite"},{"name":"suite","value":"TestNGTest-e1c68580-9681-4576-a5ee-f84f074e1066"},{"name":"subSuite","value":"Testcases.RealEstateProjects.LinkProjectToFundTestCase"},{"name":"host","value":"XtremeLite-PC"},{"name":"thread","value":"15704@XtremeLite-PC.main(1)"},{"name":"framework","value":"testng"},{"name":"language","value":"java"}],"links":[],"name":"testLinkedProjectToFund","status":"broken","statusDetails":{"known":false,"muted":false,"flaky":false,"message":"Failed to read json file: src/test/java/resources/RealEstateProjects/RealEstateProjectRequest.json","trace":"java.lang.RuntimeException: Failed to read json file: src/test/java/resources/RealEstateProjects/RealEstateProjectRequest.json\r\n\tat com.api.Utils.JsonUtils.fromJson(JsonUtils.java:29)\r\n\tat Testcases.RealEstateProjects.LinkProjectToFundTestCase.testLinkedProjectToFund(LinkProjectToFundTestCase.java:21)\r\n\tat java.base/jdk.internal.reflect.DirectMethodHandleAccessor.invoke(DirectMethodHandleAccessor.java:103)\r\n\tat java.base/java.lang.reflect.Method.invoke(Method.java:580)\r\n\tat org.testng.internal.invokers.MethodInvocationHelper.invokeMethod(MethodInvocationHelper.java:141)\r\n\tat org.testng.internal.invokers.TestInvoker.invokeMethod(TestInvoker.java:687)\r\n\tat org.testng.internal.invokers.TestInvoker.invokeTestMethod(TestInvoker.java:230)\r\n\tat org.testng.internal.invokers.MethodRunner.runInSequence(MethodRunner.java:63)\r\n\tat org.testng.internal.invokers.TestInvoker$MethodInvocationAgent.invoke(TestInvoker.java:995)\r\n\tat org.testng.internal.invokers.TestInvoker.invokeTestMethods(TestInvoker.java:203)\r\n\tat org.testng.internal.invokers.TestMethodWorker.invokeTestMethods(TestMethodWorker.java:154)\r\n\tat org.testng.internal.invokers.TestMethodWorker.run(TestMethodWorker.java:134)\r\n\tat java.base/java.util.ArrayList.forEach(ArrayList.java:1597)\r\n\tat org.testng.TestRunner.privateRun(TestRunner.java:741)\r\n\tat org.testng.TestRunner.run(TestRunner.java:616)\r\n\tat org.testng.SuiteRunner.runTest(SuiteRunner.java:421)\r\n\tat org.testng.SuiteRunner.runSequentially(SuiteRunner.java:413)\r\n\tat org.testng.SuiteRunner.privateRun(SuiteRunner.java:373)\r\n\tat org.testng.SuiteRunner.run(SuiteRunner.java:312)\r\n\tat org.testng.SuiteRunnerWorker.runSuite(SuiteRunnerWorker.java:52)\r\n\tat org.testng.SuiteRunnerWorker.run(SuiteRunnerWorker.java:95)\r\n\tat org.testng.TestNG.runSuitesSequentially(TestNG.java:1274)\r\n\tat org.testng.TestNG.runSuitesLocally(TestNG.java:1208)\r\n\tat org.testng.TestNG.runSuites(TestNG.java:1112)\r\n\tat org.testng.TestNG.run(TestNG.java:1079)\r\n\tat com.microsoft.java.test.runner.testng.TestNGRunner.run(TestNGRunner.java:45)\r\n\tat com.microsoft.java.test.runner.testng.TestNGLauncher.execute(TestNGLauncher.java:32)\r\n\tat com.microsoft.java.test.runner.Launcher.main(Launcher.java:57)\r\nCaused by: java.io.FileNotFoundException: src\\test\\java\\resources\\RealEstateProjects\\RealEstateProjectRequest.json (The system cannot find the path specified)\r\n\tat java.base/java.io.FileInputStream.open0(Native Method)\r\n\tat java.base/java.io.FileInputStream.open(FileInputStream.java:219)\r\n\tat java.base/java.io.FileInputStream.<init>(FileInputStream.java:159)\r\n\tat com.fasterxml.jackson.core.TokenStreamFactory._fileInputStream(TokenStreamFactory.java:328)\r\n\tat com.fasterxml.jackson.core.JsonFactory.createParser(JsonFactory.java:1238)\r\n\tat com.fasterxml.jackson.databind.ObjectMapper.readValue(ObjectMapper.java:3805)\r\n\tat com.api.Utils.JsonUtils.fromJson(JsonUtils.java:27)\r\n\t... 27 more\r\n"},"stage":"finished","steps":[],"attachments":[],"parameters":[],"start":1768986418062,"stop":1768986418206}