<?xml version="1.0" encoding="UTF-8"?>
<!-- Generated by org.testng.reporters.JUnitXMLReporter -->
<testsuite ignored="0" hostname="XtremeLite-PC" failures="1" tests="1" name="AllTests" time="3.136" errors="0" timestamp="2026-01-02T23:14:46 EET">
  <testcase classname="Testcases.ProjectTestCases" name="createProjectTest" time="3.05">
    <failure type="java.lang.AssertionError" message="expected [200] but found [400]">
      <![CDATA[java.lang.AssertionError: expected [200] but found [400]
at Testcases.ProjectTestCases.createProjectTest(ProjectTestCases.java:25)
at java.base/java.util.ArrayList.forEach(ArrayList.java:1597)
... Removed 36 stack frames]]>
    </failure>
  </testcase> <!-- createProjectTest -->
</testsuite> <!-- AllTests -->
